<?xml version="1.0" encoding="UTF-8"?>
<!-- Generated by org.testng.reporters.JUnitReportReporter -->
<testsuite hostname="DESKTOP-NLBI4BA" failures="0" tests="1" name="com.test.VerifyTC001" time="15.194" errors="0" timestamp="2024-07-03T17:54:17 IST" skipped="0">
  <testcase classname="com.test.VerifyTC001" name="executeTC001" time="15.194"/>
</testsuite> <!-- com.test.VerifyTC001 -->
