<?xml version="1.0" encoding="UTF-8"?>
<!-- Generated by org.testng.reporters.JUnitReportReporter -->
<testsuite hostname="DESKTOP-NLBI4BA" failures="0" tests="1" name="com.test.VerifyTC001" time="16.146" errors="0" timestamp="2024-07-03T18:03:13 IST" skipped="0">
  <testcase classname="com.test.VerifyTC001" name="executeTC001" time="16.146"/>
</testsuite> <!-- com.test.VerifyTC001 -->
